# JRE version: OpenJDK Runtime Environment (8.0_242-b01) (build 1.8.0_242-release-1644-b01)
# Java VM: OpenJDK 64-Bit Server VM (25.242-b01 mixed mode windows-amd64 compressed oops)
Heap:
 PSYoungGen      total 156672K, used 62171K [0x00000000d5580000, 0x00000000e0000000, 0x0000000100000000)
  eden space 141312K, 43% used [0x00000000d5580000,0x00000000d9236f08,0x00000000ddf80000)
  from space 15360K, 0% used [0x00000000dee80000,0x00000000dee80000,0x00000000dfd80000)
  to   space 15360K, 0% used [0x00000000ddf80000,0x00000000ddf80000,0x00000000dee80000)
 ParOldGen       total 117760K, used 32883K [0x0000000080000000, 0x0000000087300000, 0x00000000d5580000)
  object space 117760K, 27% used [0x0000000080000000,0x000000008201cfc0,0x0000000087300000)
 Metaspace       used 59713K, capacity 62156K, committed 62360K, reserved 1103872K
  class space    used 8276K, capacity 8799K, committed 8880K, reserved 1048576K
GC Heap History (10 events):
Event: 15.379 GC heap before
{Heap before GC invocations=13 (full 2):
 PSYoungGen      total 82432K, used 649K [0x00000000d5580000, 0x00000000dd580000, 0x0000000100000000)
  eden space 71680K, 0% used [0x00000000d5580000,0x00000000d5580000,0x00000000d9b80000)
  from space 10752K, 6% used [0x00000000d9b80000,0x00000000d9c225d0,0x00000000da600000)
  to   space 11264K, 0% used [0x00000000dca80000,0x00000000dca80000,0x00000000dd580000)
 ParOldGen       total 58368K, used 15341K [0x0000000080000000, 0x0000000083900000, 0x00000000d5580000)
  object space 58368K, 26% used [0x0000000080000000,0x0000000080efb488,0x0000000083900000)
 Metaspace       used 34610K, capacity 35414K, committed 35496K, reserved 1079296K
  class space    used 4743K, capacity 4972K, committed 5040K, reserved 1048576K
Event: 15.544 GC heap after
Heap after GC invocations=13 (full 2):
 PSYoungGen      total 82432K, used 0K [0x00000000d5580000, 0x00000000dd580000, 0x0000000100000000)
  eden space 71680K, 0% used [0x00000000d5580000,0x00000000d5580000,0x00000000d9b80000)
  from space 10752K, 0% used [0x00000000d9b80000,0x00000000d9b80000,0x00000000da600000)
  to   space 11264K, 0% used [0x00000000dca80000,0x00000000dca80000,0x00000000dd580000)
 ParOldGen       total 76800K, used 13594K [0x0000000080000000, 0x0000000084b00000, 0x00000000d5580000)
  object space 76800K, 17% used [0x0000000080000000,0x0000000080d469b8,0x0000000084b00000)
 Metaspace       used 34610K, capacity 35414K, committed 35496K, reserved 1079296K
  class space    used 4743K, capacity 4972K, committed 5040K, reserved 1048576K
}
Event: 19.136 GC heap before
{Heap before GC invocations=14 (full 2):
 PSYoungGen      total 82432K, used 71680K [0x00000000d5580000, 0x00000000dd580000, 0x0000000100000000)
  eden space 71680K, 100% used [0x00000000d5580000,0x00000000d9b80000,0x00000000d9b80000)
  from space 10752K, 0% used [0x00000000d9b80000,0x00000000d9b80000,0x00000000da600000)
  to   space 11264K, 0% used [0x00000000dca80000,0x00000000dca80000,0x00000000dd580000)
 ParOldGen       total 76800K, used 13594K [0x0000000080000000, 0x0000000084b00000, 0x00000000d5580000)
  object space 76800K, 17% used [0x0000000080000000,0x0000000080d469b8,0x0000000084b00000)
 Metaspace       used 40769K, capacity 42068K, committed 42288K, reserved 1085440K
  class space    used 5551K, capacity 5854K, committed 5936K, reserved 1048576K
Event: 19.246 GC heap after
Heap after GC invocations=14 (full 2):
 PSYoungGen      total 110592K, used 8566K [0x00000000d5580000, 0x00000000dd300000, 0x0000000100000000)
  eden space 101888K, 0% used [0x00000000d5580000,0x00000000d5580000,0x00000000db900000)
  from space 8704K, 98% used [0x00000000dca80000,0x00000000dd2ddac0,0x00000000dd300000)
  to   space 11776K, 0% used [0x00000000dbc00000,0x00000000dbc00000,0x00000000dc780000)
 ParOldGen       total 76800K, used 13602K [0x0000000080000000, 0x0000000084b00000, 0x00000000d5580000)
  object space 76800K, 17% used [0x0000000080000000,0x0000000080d489b8,0x0000000084b00000)
 Metaspace       used 40769K, capacity 42068K, committed 42288K, reserved 1085440K
  class space    used 5551K, capacity 5854K, committed 5936K, reserved 1048576K
}
Event: 24.457 GC heap before
{Heap before GC invocations=15 (full 2):
 PSYoungGen      total 110592K, used 110454K [0x00000000d5580000, 0x00000000dd300000, 0x0000000100000000)
  eden space 101888K, 100% used [0x00000000d5580000,0x00000000db900000,0x00000000db900000)
  from space 8704K, 98% used [0x00000000dca80000,0x00000000dd2ddac0,0x00000000dd300000)
  to   space 11776K, 0% used [0x00000000dbc00000,0x00000000dbc00000,0x00000000dc780000)
 ParOldGen       total 76800K, used 13602K [0x0000000080000000, 0x0000000084b00000, 0x00000000d5580000)
  object space 76800K, 17% used [0x0000000080000000,0x0000000080d489b8,0x0000000084b00000)
 Metaspace       used 49479K, capacity 51052K, committed 51376K, reserved 1093632K
  class space    used 6608K, capacity 7001K, committed 7088K, reserved 1048576K
Event: 24.483 GC heap after
Heap after GC invocations=15 (full 2):
 PSYoungGen      total 116736K, used 11770K [0x00000000d5580000, 0x00000000dfd80000, 0x0000000100000000)
  eden space 104960K, 0% used [0x00000000d5580000,0x00000000d5580000,0x00000000dbc00000)
  from space 11776K, 99% used [0x00000000dbc00000,0x00000000dc77eb28,0x00000000dc780000)
  to   space 15360K, 0% used [0x00000000dee80000,0x00000000dee80000,0x00000000dfd80000)
 ParOldGen       total 76800K, used 19200K [0x0000000080000000, 0x0000000084b00000, 0x00000000d5580000)
  object space 76800K, 25% used [0x0000000080000000,0x00000000812c01f8,0x0000000084b00000)
 Metaspace       used 49479K, capacity 51052K, committed 51376K, reserved 1093632K
  class space    used 6608K, capacity 7001K, committed 7088K, reserved 1048576K
}
Event: 28.154 GC heap before
{Heap before GC invocations=16 (full 2):
 PSYoungGen      total 116736K, used 99118K [0x00000000d5580000, 0x00000000dfd80000, 0x0000000100000000)
  eden space 104960K, 83% used [0x00000000d5580000,0x00000000daaccf80,0x00000000dbc00000)
  from space 11776K, 99% used [0x00000000dbc00000,0x00000000dc77eb28,0x00000000dc780000)
  to   space 15360K, 0% used [0x00000000dee80000,0x00000000dee80000,0x00000000dfd80000)
 ParOldGen       total 76800K, used 19200K [0x0000000080000000, 0x0000000084b00000, 0x00000000d5580000)
  object space 76800K, 25% used [0x0000000080000000,0x00000000812c01f8,0x0000000084b00000)
 Metaspace       used 57000K, capacity 58968K, committed 59160K, reserved 1099776K
  class space    used 7806K, capacity 8237K, committed 8240K, reserved 1048576K
Event: 28.215 GC heap after
Heap after GC invocations=16 (full 2):
 PSYoungGen      total 156672K, used 9654K [0x00000000d5580000, 0x00000000e0000000, 0x0000000100000000)
  eden space 141312K, 0% used [0x00000000d5580000,0x00000000d5580000,0x00000000ddf80000)
  from space 15360K, 62% used [0x00000000dee80000,0x00000000df7ed9c8,0x00000000dfd80000)
  to   space 15360K, 0% used [0x00000000ddf80000,0x00000000ddf80000,0x00000000dee80000)
 ParOldGen       total 76800K, used 26367K [0x0000000080000000, 0x0000000084b00000, 0x00000000d5580000)
  object space 76800K, 34% used [0x0000000080000000,0x00000000819bff10,0x0000000084b00000)
 Metaspace       used 57000K, capacity 58968K, committed 59160K, reserved 1099776K
  class space    used 7806K, capacity 8237K, committed 8240K, reserved 1048576K
}
Event: 28.215 GC heap before
{Heap before GC invocations=17 (full 3):
 PSYoungGen      total 156672K, used 9654K [0x00000000d5580000, 0x00000000e0000000, 0x0000000100000000)
  eden space 141312K, 0% used [0x00000000d5580000,0x00000000d5580000,0x00000000ddf80000)
  from space 15360K, 62% used [0x00000000dee80000,0x00000000df7ed9c8,0x00000000dfd80000)
  to   space 15360K, 0% used [0x00000000ddf80000,0x00000000ddf80000,0x00000000dee80000)
 ParOldGen       total 76800K, used 26367K [0x0000000080000000, 0x0000000084b00000, 0x00000000d5580000)
  object space 76800K, 34% used [0x0000000080000000,0x00000000819bff10,0x0000000084b00000)
 Metaspace       used 57000K, capacity 58968K, committed 59160K, reserved 1099776K
  class space    used 7806K, capacity 8237K, committed 8240K, reserved 1048576K
Event: 28.921 GC heap after
Heap after GC invocations=17 (full 3):
 PSYoungGen      total 156672K, used 0K [0x00000000d5580000, 0x00000000e0000000, 0x0000000100000000)
  eden space 141312K, 0% used [0x00000000d5580000,0x00000000d5580000,0x00000000ddf80000)
  from space 15360K, 0% used [0x00000000dee80000,0x00000000dee80000,0x00000000dfd80000)
  to   space 15360K, 0% used [0x00000000ddf80000,0x00000000ddf80000,0x00000000dee80000)
 ParOldGen       total 117760K, used 32883K [0x0000000080000000, 0x0000000087300000, 0x00000000d5580000)
  object space 117760K, 27% used [0x0000000080000000,0x000000008201cfc0,0x0000000087300000)
 Metaspace       used 56996K, capacity 58956K, committed 59160K, reserved 1099776K
  class space    used 7805K, capacity 8235K, committed 8240K, reserved 1048576K
}

